Using pre-set license
Built from '2020.2/release' branch; Version is '2020.2.2f1 (068178b99f32) revision 426360'; Using compiler version '192528614'; Build Type 'Release'
OS: 'Windows 10 Enterprise; OS build 18363.1621; Version 1909; 64bit' Language: 'en' Physical Memory: 16304 MB
BatchMode: 1, IsHumanControllingUs: 0, StartBugReporterOnCrash: 0, Is64bit: 1, IsPro: 0

 COMMAND LINE ARGUMENTS:
C:\Program Files\Unity\Hub\Editor\2020.2.2f1\Editor\Unity.exe
-adb2
-batchMode
-noUpm
-name
AssetImportWorker0
-projectPath
C:/Users/3c4c9ac66008e9a5/Documents/GitHub/TowerDefense/TowerDefense
-logFile
Logs/AssetImportWorker0.log
-srvPort
62080
Successfully changed project path to: C:/Users/3c4c9ac66008e9a5/Documents/GitHub/TowerDefense/TowerDefense
C:/Users/3c4c9ac66008e9a5/Documents/GitHub/TowerDefense/TowerDefense
Using Asset Import Pipeline V2.
Refreshing native plugins compatible for Editor in 41.04 ms, found 0 plugins.
Preloading 0 native plugins for Editor in 0.00 ms.
Initialize engine version: 2020.2.2f1 (068178b99f32)
[Subsystems] Discovering subsystems at path C:/Program Files/Unity/Hub/Editor/2020.2.2f1/Editor/Data/Resources/UnitySubsystems
[Subsystems] Discovering subsystems at path C:/Users/3c4c9ac66008e9a5/Documents/GitHub/TowerDefense/TowerDefense/Assets
GfxDevice: creating device client; threaded=0
Direct3D:
    Version:  Direct3D 11.0 [level 11.0]
    Renderer: NVIDIA Quadro K2200  (ID=0x13ba)
    Vendor:   
    VRAM:     4035 MB
    Driver:   10.18.13.5362
Initialize mono
Mono path[0] = 'C:/Program Files/Unity/Hub/Editor/2020.2.2f1/Editor/Data/Managed'
Mono path[1] = 'C:/Program Files/Unity/Hub/Editor/2020.2.2f1/Editor/Data/MonoBleedingEdge/lib/mono/unityjit'
Mono config path = 'C:/Program Files/Unity/Hub/Editor/2020.2.2f1/Editor/Data/MonoBleedingEdge/etc'
Using monoOptions --debugger-agent=transport=dt_socket,embedding=1,server=y,suspend=n,address=127.0.0.1:56752
Begin MonoManager ReloadAssembly
Registering precompiled unity dll's ...
Register platform support module: C:/Program Files/Unity/Hub/Editor/2020.2.2f1/Editor/Data/PlaybackEngines/WindowsStandaloneSupport/UnityEditor.WindowsStandalone.Extensions.dll
Registered in 0.001769 seconds.
Native extension for WindowsStandalone target not found
Refreshing native plugins compatible for Editor in 37.83 ms, found 0 plugins.
Preloading 0 native plugins for Editor in 0.00 ms.
Invoked RoslynAnalysisRunner static constructor.
RoslynAnalysisRunner will not be running.
RoslynAnalysisRunner has terminated.
Mono: successfully reloaded assembly
- Completed reload, in  1.418 seconds
Platform modules already initialized, skipping
Registering precompiled user dll's ...
Registered in 0.000858 seconds.
Begin MonoManager ReloadAssembly
Native extension for WindowsStandalone target not found
Refreshing native plugins compatible for Editor in 0.32 ms, found 0 plugins.
Preloading 0 native plugins for Editor in 0.00 ms.
Invoked RoslynAnalysisRunner static constructor.
RoslynAnalysisRunner will not be running.
RoslynAnalysisRunner has terminated.
Mono: successfully reloaded assembly
- Completed reload, in  1.202 seconds
Platform modules already initialized, skipping
========================================================================
Worker process is ready to serve import requests
Launched and connected shader compiler UnityShaderCompiler.exe after 0.06 seconds
Refreshing native plugins compatible for Editor in 0.38 ms, found 0 plugins.
Preloading 0 native plugins for Editor in 0.00 ms.
Unloading 1110 Unused Serialized files (Serialized files now loaded: 0)
System memory in use before: 69.6 MB.
System memory in use after: 69.6 MB.

Unloading 10 unused Assets to reduce memory usage. Loaded Objects now: 1570.
Total: 2.603500 ms (FindLiveObjects: 0.271300 ms CreateObjectMapping: 0.074100 ms MarkObjects: 2.143200 ms  DeleteObjects: 0.113100 ms)

========================================================================
Received Import Request.
  path: Assets/Towers
  artifactKey: Guid(283366ed67c928f4397d5e794c8cc22c) Importer(815301076,1909f56bfc062723c751e8b465ee728b)
Start importing Assets/Towers using Guid(283366ed67c928f4397d5e794c8cc22c) Importer(815301076,1909f56bfc062723c751e8b465ee728b)  -> (artifact id: '14ad323e99b69eb10b290578b81dc5a6') in 0.009537 seconds
  Import took 0.011939 seconds .

========================================================================
Received Import Request.
  Time since last request: 0.000404 seconds.
  path: Assets/Towers/Ballistic Tower/Basic Tower
  artifactKey: Guid(f5ea9ea3a99efa24ebe3143ca29ab86c) Importer(815301076,1909f56bfc062723c751e8b465ee728b)
Start importing Assets/Towers/Ballistic Tower/Basic Tower using Guid(f5ea9ea3a99efa24ebe3143ca29ab86c) Importer(815301076,1909f56bfc062723c751e8b465ee728b)  -> (artifact id: 'edde593e150cf2b2b6900278fa49e567') in 0.006494 seconds
  Import took 0.008256 seconds .

========================================================================
Received Import Request.
  Time since last request: 0.000195 seconds.
  path: Assets/Towers/Ballistic Tower
  artifactKey: Guid(e6f61b1dad63037458f832889e64b58c) Importer(815301076,1909f56bfc062723c751e8b465ee728b)
Start importing Assets/Towers/Ballistic Tower using Guid(e6f61b1dad63037458f832889e64b58c) Importer(815301076,1909f56bfc062723c751e8b465ee728b)  -> (artifact id: '18f4e933af3541c314a3bbc3f6625fff') in 0.006174 seconds
  Import took 0.008207 seconds .

========================================================================
Received Import Request.
  Time since last request: 0.052542 seconds.
  path: Assets/Towers/Ballistic Tower/Basic Tower/Basic Ballistic tower 1.prefab
  artifactKey: Guid(8c66bac544149b54a91c09a8ade61ffc) Importer(815301076,1909f56bfc062723c751e8b465ee728b)
Start importing Assets/Towers/Ballistic Tower/Basic Tower/Basic Ballistic tower 1.prefab using Guid(8c66bac544149b54a91c09a8ade61ffc) Importer(815301076,1909f56bfc062723c751e8b465ee728b)  -> (artifact id: '53cbbc64287becf88b860ca98936d3ac') in 0.144887 seconds
  Import took 0.148331 seconds .

========================================================================
Received Import Request.
  Time since last request: 2.132456 seconds.
  path: Assets/Towers/Ballistic Tower/Basic Tower/Ballistic_tower_basic.cs
  artifactKey: Guid(423b1c6406e47f442aee278230e3faaf) Importer(815301076,1909f56bfc062723c751e8b465ee728b)
Start importing Assets/Towers/Ballistic Tower/Basic Tower/Ballistic_tower_basic.cs using Guid(423b1c6406e47f442aee278230e3faaf) Importer(815301076,1909f56bfc062723c751e8b465ee728b)  -> (artifact id: '1aea9ffc742b0e8318d3e27bc4e61c11') in 0.011942 seconds
  Import took 0.014807 seconds .

========================================================================
Received Import Request.
  Time since last request: 0.007039 seconds.
  path: Assets/Towers/Ballistic Tower/Basic Tower/Ballistic_tower_basic.cs
  artifactKey: Guid(423b1c6406e47f442aee278230e3faaf) Importer(815301076,1909f56bfc062723c751e8b465ee728b)
Start importing Assets/Towers/Ballistic Tower/Basic Tower/Ballistic_tower_basic.cs using Guid(423b1c6406e47f442aee278230e3faaf) Importer(815301076,1909f56bfc062723c751e8b465ee728b)  -> (artifact id: '1aea9ffc742b0e8318d3e27bc4e61c11') in 0.003247 seconds
  Import took 0.005870 seconds .

========================================================================
Received Prepare
Refreshing native plugins compatible for Editor in 0.98 ms, found 0 plugins.
Preloading 0 native plugins for Editor in 0.00 ms.
Unloading 3 Unused Serialized files (Serialized files now loaded: 0)
System memory in use before: 51.5 MB.
System memory in use after: 51.6 MB.

Unloading 5 unused Assets to reduce memory usage. Loaded Objects now: 1581.
Total: 2.370600 ms (FindLiveObjects: 0.156100 ms CreateObjectMapping: 0.054700 ms MarkObjects: 2.057900 ms  DeleteObjects: 0.100600 ms)

========================================================================
Received Import Request.
  Time since last request: 123.172564 seconds.
  path: Assets/Enemies/MookBehaviour.cs
  artifactKey: Guid(e35da26bfdc6bac4caca1d76d79ad3f3) Importer(815301076,1909f56bfc062723c751e8b465ee728b)
Start importing Assets/Enemies/MookBehaviour.cs using Guid(e35da26bfdc6bac4caca1d76d79ad3f3) Importer(815301076,1909f56bfc062723c751e8b465ee728b)  -> (artifact id: '6e6c9ba444c3b46b8d820d3df8be6ae6') in 0.006501 seconds
  Import took 0.008553 seconds .

========================================================================
Received Import Request.
  Time since last request: 0.002308 seconds.
  path: Assets/Enemies/MookBehaviour.cs
  artifactKey: Guid(e35da26bfdc6bac4caca1d76d79ad3f3) Importer(815301076,1909f56bfc062723c751e8b465ee728b)
Start importing Assets/Enemies/MookBehaviour.cs using Guid(e35da26bfdc6bac4caca1d76d79ad3f3) Importer(815301076,1909f56bfc062723c751e8b465ee728b)  -> (artifact id: '6e6c9ba444c3b46b8d820d3df8be6ae6') in 0.002223 seconds
  Import took 0.004808 seconds .

========================================================================
Received Prepare
Registering precompiled user dll's ...
Registered in 0.000549 seconds.
Begin MonoManager ReloadAssembly
Native extension for WindowsStandalone target not found
Refreshing native plugins compatible for Editor in 0.19 ms, found 0 plugins.
Preloading 0 native plugins for Editor in 0.00 ms.
Invoked RoslynAnalysisRunner static constructor.
RoslynAnalysisRunner will not be running.
RoslynAnalysisRunner has terminated.
Mono: successfully reloaded assembly
- Completed reload, in  0.786 seconds
Platform modules already initialized, skipping
Refreshing native plugins compatible for Editor in 0.31 ms, found 0 plugins.
Preloading 0 native plugins for Editor in 0.00 ms.
Unloading 1105 Unused Serialized files (Serialized files now loaded: 0)
System memory in use before: 73.3 MB.
System memory in use after: 73.4 MB.

Unloading 5 unused Assets to reduce memory usage. Loaded Objects now: 1583.
Total: 1.449600 ms (FindLiveObjects: 0.116100 ms CreateObjectMapping: 0.032000 ms MarkObjects: 1.237900 ms  DeleteObjects: 0.062600 ms)

========================================================================
Received Prepare
Registering precompiled user dll's ...
Registered in 0.000594 seconds.
Begin MonoManager ReloadAssembly
Native extension for WindowsStandalone target not found
Refreshing native plugins compatible for Editor in 0.22 ms, found 0 plugins.
Preloading 0 native plugins for Editor in 0.00 ms.
Invoked RoslynAnalysisRunner static constructor.
RoslynAnalysisRunner will not be running.
RoslynAnalysisRunner has terminated.
Mono: successfully reloaded assembly
- Completed reload, in  0.712 seconds
Platform modules already initialized, skipping
Refreshing native plugins compatible for Editor in 0.26 ms, found 0 plugins.
Preloading 0 native plugins for Editor in 0.00 ms.
Unloading 1105 Unused Serialized files (Serialized files now loaded: 0)
System memory in use before: 74.2 MB.
System memory in use after: 74.3 MB.

Unloading 5 unused Assets to reduce memory usage. Loaded Objects now: 1585.
Total: 2.033800 ms (FindLiveObjects: 0.212800 ms CreateObjectMapping: 0.042200 ms MarkObjects: 1.698700 ms  DeleteObjects: 0.079300 ms)

========================================================================
Received Prepare
Registering precompiled user dll's ...
Registered in 0.000611 seconds.
Begin MonoManager ReloadAssembly
Native extension for WindowsStandalone target not found
Refreshing native plugins compatible for Editor in 0.18 ms, found 0 plugins.
Preloading 0 native plugins for Editor in 0.00 ms.
Invoked RoslynAnalysisRunner static constructor.
RoslynAnalysisRunner will not be running.
RoslynAnalysisRunner has terminated.
Mono: successfully reloaded assembly
- Completed reload, in  0.684 seconds
Platform modules already initialized, skipping
Refreshing native plugins compatible for Editor in 0.30 ms, found 0 plugins.
Preloading 0 native plugins for Editor in 0.00 ms.
Unloading 1105 Unused Serialized files (Serialized files now loaded: 0)
System memory in use before: 74.3 MB.
System memory in use after: 74.4 MB.

Unloading 5 unused Assets to reduce memory usage. Loaded Objects now: 1587.
Total: 1.790400 ms (FindLiveObjects: 0.123100 ms CreateObjectMapping: 0.034700 ms MarkObjects: 1.531300 ms  DeleteObjects: 0.100400 ms)

========================================================================
Received Prepare
Registering precompiled user dll's ...
Registered in 0.000643 seconds.
Begin MonoManager ReloadAssembly
Native extension for WindowsStandalone target not found
Refreshing native plugins compatible for Editor in 0.19 ms, found 0 plugins.
Preloading 0 native plugins for Editor in 0.00 ms.
Invoked RoslynAnalysisRunner static constructor.
RoslynAnalysisRunner will not be running.
RoslynAnalysisRunner has terminated.
Mono: successfully reloaded assembly
- Completed reload, in  0.767 seconds
Platform modules already initialized, skipping
Refreshing native plugins compatible for Editor in 0.29 ms, found 0 plugins.
Preloading 0 native plugins for Editor in 0.00 ms.
Unloading 1105 Unused Serialized files (Serialized files now loaded: 0)
System memory in use before: 74.2 MB.
System memory in use after: 74.2 MB.

Unloading 5 unused Assets to reduce memory usage. Loaded Objects now: 1589.
Total: 1.638600 ms (FindLiveObjects: 0.163200 ms CreateObjectMapping: 0.032800 ms MarkObjects: 1.360900 ms  DeleteObjects: 0.080800 ms)

========================================================================
Received Prepare
Registering precompiled user dll's ...
Registered in 0.000550 seconds.
Begin MonoManager ReloadAssembly
Native extension for WindowsStandalone target not found
Refreshing native plugins compatible for Editor in 0.19 ms, found 0 plugins.
Preloading 0 native plugins for Editor in 0.00 ms.
Invoked RoslynAnalysisRunner static constructor.
RoslynAnalysisRunner will not be running.
RoslynAnalysisRunner has terminated.
Mono: successfully reloaded assembly
- Completed reload, in  0.809 seconds
Platform modules already initialized, skipping
Refreshing native plugins compatible for Editor in 0.34 ms, found 0 plugins.
Preloading 0 native plugins for Editor in 0.00 ms.
Unloading 1105 Unused Serialized files (Serialized files now loaded: 0)
System memory in use before: 74.3 MB.
System memory in use after: 74.4 MB.

Unloading 5 unused Assets to reduce memory usage. Loaded Objects now: 1591.
Total: 1.778700 ms (FindLiveObjects: 0.165000 ms CreateObjectMapping: 0.040800 ms MarkObjects: 1.508600 ms  DeleteObjects: 0.063000 ms)

========================================================================
Received Prepare
Registering precompiled user dll's ...
Registered in 0.000584 seconds.
Begin MonoManager ReloadAssembly
Native extension for WindowsStandalone target not found
Refreshing native plugins compatible for Editor in 0.41 ms, found 0 plugins.
Preloading 0 native plugins for Editor in 0.00 ms.
Invoked RoslynAnalysisRunner static constructor.
RoslynAnalysisRunner will not be running.
RoslynAnalysisRunner has terminated.
Mono: successfully reloaded assembly
- Completed reload, in  0.909 seconds
Platform modules already initialized, skipping
Refreshing native plugins compatible for Editor in 0.19 ms, found 0 plugins.
Preloading 0 native plugins for Editor in 0.00 ms.
Unloading 1105 Unused Serialized files (Serialized files now loaded: 0)
System memory in use before: 74.1 MB.
System memory in use after: 74.2 MB.

Unloading 5 unused Assets to reduce memory usage. Loaded Objects now: 1593.
Total: 2.174700 ms (FindLiveObjects: 0.146300 ms CreateObjectMapping: 0.033900 ms MarkObjects: 1.902800 ms  DeleteObjects: 0.090500 ms)

========================================================================
Received Prepare
Registering precompiled user dll's ...
Registered in 0.000602 seconds.
Begin MonoManager ReloadAssembly
Native extension for WindowsStandalone target not found
Refreshing native plugins compatible for Editor in 0.20 ms, found 0 plugins.
Preloading 0 native plugins for Editor in 0.00 ms.
Invoked RoslynAnalysisRunner static constructor.
RoslynAnalysisRunner will not be running.
RoslynAnalysisRunner has terminated.
Mono: successfully reloaded assembly
- Completed reload, in  0.820 seconds
Platform modules already initialized, skipping
Refreshing native plugins compatible for Editor in 0.23 ms, found 0 plugins.
Preloading 0 native plugins for Editor in 0.00 ms.
Unloading 1105 Unused Serialized files (Serialized files now loaded: 0)
System memory in use before: 74.3 MB.
System memory in use after: 74.4 MB.

Unloading 5 unused Assets to reduce memory usage. Loaded Objects now: 1595.
Total: 1.528800 ms (FindLiveObjects: 0.167900 ms CreateObjectMapping: 0.039200 ms MarkObjects: 1.269700 ms  DeleteObjects: 0.051100 ms)

========================================================================
Received Prepare
Registering precompiled user dll's ...
Registered in 0.001050 seconds.
Begin MonoManager ReloadAssembly
Native extension for WindowsStandalone target not found
Refreshing native plugins compatible for Editor in 0.28 ms, found 0 plugins.
Preloading 0 native plugins for Editor in 0.00 ms.
Invoked RoslynAnalysisRunner static constructor.
RoslynAnalysisRunner will not be running.
RoslynAnalysisRunner has terminated.
Mono: successfully reloaded assembly
- Completed reload, in  0.959 seconds
Platform modules already initialized, skipping
Refreshing native plugins compatible for Editor in 0.25 ms, found 0 plugins.
Preloading 0 native plugins for Editor in 0.00 ms.
Unloading 1105 Unused Serialized files (Serialized files now loaded: 0)
System memory in use before: 74.1 MB.
System memory in use after: 74.1 MB.

Unloading 5 unused Assets to reduce memory usage. Loaded Objects now: 1597.
Total: 2.596800 ms (FindLiveObjects: 0.208800 ms CreateObjectMapping: 0.056000 ms MarkObjects: 2.253600 ms  DeleteObjects: 0.077300 ms)

========================================================================
Received Prepare
Registering precompiled user dll's ...
Registered in 0.000641 seconds.
Begin MonoManager ReloadAssembly
Native extension for WindowsStandalone target not found
Refreshing native plugins compatible for Editor in 0.18 ms, found 0 plugins.
Preloading 0 native plugins for Editor in 0.00 ms.
Invoked RoslynAnalysisRunner static constructor.
RoslynAnalysisRunner will not be running.
RoslynAnalysisRunner has terminated.
Mono: successfully reloaded assembly
- Completed reload, in  0.705 seconds
Platform modules already initialized, skipping
Refreshing native plugins compatible for Editor in 0.27 ms, found 0 plugins.
Preloading 0 native plugins for Editor in 0.00 ms.
Unloading 1105 Unused Serialized files (Serialized files now loaded: 0)
System memory in use before: 74.3 MB.
System memory in use after: 74.4 MB.

Unloading 5 unused Assets to reduce memory usage. Loaded Objects now: 1599.
Total: 2.776500 ms (FindLiveObjects: 0.259800 ms CreateObjectMapping: 0.066900 ms MarkObjects: 2.358300 ms  DeleteObjects: 0.090500 ms)

========================================================================
Received Prepare
Registering precompiled user dll's ...
Registered in 0.000665 seconds.
Begin MonoManager ReloadAssembly
Native extension for WindowsStandalone target not found
Refreshing native plugins compatible for Editor in 0.34 ms, found 0 plugins.
Preloading 0 native plugins for Editor in 0.00 ms.
Invoked RoslynAnalysisRunner static constructor.
RoslynAnalysisRunner will not be running.
RoslynAnalysisRunner has terminated.
Mono: successfully reloaded assembly
- Completed reload, in  0.837 seconds
Platform modules already initialized, skipping
Refreshing native plugins compatible for Editor in 0.26 ms, found 0 plugins.
Preloading 0 native plugins for Editor in 0.00 ms.
Unloading 1105 Unused Serialized files (Serialized files now loaded: 0)
System memory in use before: 74.0 MB.
System memory in use after: 74.1 MB.

Unloading 5 unused Assets to reduce memory usage. Loaded Objects now: 1601.
Total: 1.843100 ms (FindLiveObjects: 0.126000 ms CreateObjectMapping: 0.050200 ms MarkObjects: 1.585400 ms  DeleteObjects: 0.080600 ms)

========================================================================
Received Prepare
Registering precompiled user dll's ...
Registered in 0.000543 seconds.
Begin MonoManager ReloadAssembly
Native extension for WindowsStandalone target not found
Refreshing native plugins compatible for Editor in 0.19 ms, found 0 plugins.
Preloading 0 native plugins for Editor in 0.00 ms.
Invoked RoslynAnalysisRunner static constructor.
RoslynAnalysisRunner will not be running.
RoslynAnalysisRunner has terminated.
Mono: successfully reloaded assembly
- Completed reload, in  0.734 seconds
Platform modules already initialized, skipping
Refreshing native plugins compatible for Editor in 0.21 ms, found 0 plugins.
Preloading 0 native plugins for Editor in 0.00 ms.
Unloading 1105 Unused Serialized files (Serialized files now loaded: 0)
System memory in use before: 74.4 MB.
System memory in use after: 74.4 MB.

Unloading 5 unused Assets to reduce memory usage. Loaded Objects now: 1603.
Total: 1.728700 ms (FindLiveObjects: 0.151800 ms CreateObjectMapping: 0.044800 ms MarkObjects: 1.439800 ms  DeleteObjects: 0.091500 ms)

========================================================================
Received Prepare
Registering precompiled user dll's ...
Registered in 0.000549 seconds.
Begin MonoManager ReloadAssembly
Native extension for WindowsStandalone target not found
Refreshing native plugins compatible for Editor in 0.18 ms, found 0 plugins.
Preloading 0 native plugins for Editor in 0.00 ms.
Invoked RoslynAnalysisRunner static constructor.
RoslynAnalysisRunner will not be running.
RoslynAnalysisRunner has terminated.
Mono: successfully reloaded assembly
- Completed reload, in  0.683 seconds
Platform modules already initialized, skipping
Refreshing native plugins compatible for Editor in 0.27 ms, found 0 plugins.
Preloading 0 native plugins for Editor in 0.00 ms.
Unloading 1105 Unused Serialized files (Serialized files now loaded: 0)
System memory in use before: 74.0 MB.
System memory in use after: 74.0 MB.

Unloading 5 unused Assets to reduce memory usage. Loaded Objects now: 1605.
Total: 1.437300 ms (FindLiveObjects: 0.126600 ms CreateObjectMapping: 0.039400 ms MarkObjects: 1.216800 ms  DeleteObjects: 0.053800 ms)

========================================================================
Received Prepare
Registering precompiled user dll's ...
Registered in 0.000581 seconds.
Begin MonoManager ReloadAssembly
Native extension for WindowsStandalone target not found
Refreshing native plugins compatible for Editor in 0.19 ms, found 0 plugins.
Preloading 0 native plugins for Editor in 0.00 ms.
Invoked RoslynAnalysisRunner static constructor.
RoslynAnalysisRunner will not be running.
RoslynAnalysisRunner has terminated.
Mono: successfully reloaded assembly
- Completed reload, in  0.712 seconds
Platform modules already initialized, skipping
Refreshing native plugins compatible for Editor in 0.38 ms, found 0 plugins.
Preloading 0 native plugins for Editor in 0.00 ms.
Unloading 1105 Unused Serialized files (Serialized files now loaded: 0)
System memory in use before: 74.4 MB.
System memory in use after: 74.4 MB.

Unloading 5 unused Assets to reduce memory usage. Loaded Objects now: 1607.
Total: 1.924200 ms (FindLiveObjects: 0.175400 ms CreateObjectMapping: 0.039600 ms MarkObjects: 1.641500 ms  DeleteObjects: 0.066700 ms)

========================================================================
Received Prepare
Registering precompiled user dll's ...
Registered in 0.000561 seconds.
Begin MonoManager ReloadAssembly
Native extension for WindowsStandalone target not found
Refreshing native plugins compatible for Editor in 0.19 ms, found 0 plugins.
Preloading 0 native plugins for Editor in 0.00 ms.
Invoked RoslynAnalysisRunner static constructor.
RoslynAnalysisRunner will not be running.
RoslynAnalysisRunner has terminated.
Mono: successfully reloaded assembly
- Completed reload, in  0.744 seconds
Platform modules already initialized, skipping
Refreshing native plugins compatible for Editor in 0.26 ms, found 0 plugins.
Preloading 0 native plugins for Editor in 0.00 ms.
Unloading 1105 Unused Serialized files (Serialized files now loaded: 0)
System memory in use before: 73.9 MB.
System memory in use after: 74.0 MB.

Unloading 5 unused Assets to reduce memory usage. Loaded Objects now: 1609.
Total: 1.715000 ms (FindLiveObjects: 0.120600 ms CreateObjectMapping: 0.035500 ms MarkObjects: 1.508800 ms  DeleteObjects: 0.049300 ms)

========================================================================
Received Import Request.
  Time since last request: 3338.771665 seconds.
  path: Assets/Towers/Generator/Generator.prefab
  artifactKey: Guid(239204d63f616b148b799f5f1ba507f9) Importer(815301076,1909f56bfc062723c751e8b465ee728b)
Start importing Assets/Towers/Generator/Generator.prefab using Guid(239204d63f616b148b799f5f1ba507f9) Importer(815301076,1909f56bfc062723c751e8b465ee728b)  -> (artifact id: 'f8c428a5dd4660eb574efd0e2552b462') in 0.065638 seconds
  Import took 0.068404 seconds .

========================================================================
Received Import Request.
  Time since last request: 0.000178 seconds.
  path: Assets/Towers/Generator/GeneratorMaterial.mat
  artifactKey: Guid(6ee42a44e881a274cad15a8730597a6d) Importer(815301076,1909f56bfc062723c751e8b465ee728b)
Start importing Assets/Towers/Generator/GeneratorMaterial.mat using Guid(6ee42a44e881a274cad15a8730597a6d) Importer(815301076,1909f56bfc062723c751e8b465ee728b)  -> (artifact id: '7cdc19d4a11c0d9220318e88e1e3caad') in 0.053302 seconds
  Import took 0.056335 seconds .

========================================================================
Received Prepare
Registering precompiled user dll's ...
Registered in 0.000898 seconds.
Begin MonoManager ReloadAssembly
Native extension for WindowsStandalone target not found
Refreshing native plugins compatible for Editor in 0.20 ms, found 0 plugins.
Preloading 0 native plugins for Editor in 0.00 ms.
Invoked RoslynAnalysisRunner static constructor.
RoslynAnalysisRunner will not be running.
RoslynAnalysisRunner has terminated.
Mono: successfully reloaded assembly
- Completed reload, in  0.685 seconds
Platform modules already initialized, skipping
Refreshing native plugins compatible for Editor in 0.21 ms, found 0 plugins.
Preloading 0 native plugins for Editor in 0.00 ms.
Unloading 1105 Unused Serialized files (Serialized files now loaded: 0)
System memory in use before: 74.6 MB.
System memory in use after: 74.7 MB.

Unloading 6 unused Assets to reduce memory usage. Loaded Objects now: 1645.
Total: 1.550300 ms (FindLiveObjects: 0.108500 ms CreateObjectMapping: 0.028900 ms MarkObjects: 1.314300 ms  DeleteObjects: 0.097900 ms)

========================================================================
Received Import Request.
  Time since last request: 21.249595 seconds.
  path: Assets/Towers/HeatSink
  artifactKey: Guid(7d04dafd127329e4fab5b94b94733ec6) Importer(815301076,1909f56bfc062723c751e8b465ee728b)
Start importing Assets/Towers/HeatSink using Guid(7d04dafd127329e4fab5b94b94733ec6) Importer(815301076,1909f56bfc062723c751e8b465ee728b)  -> (artifact id: '842798b9757e57b8322179ab534fd949') in 0.007741 seconds
  Import took 0.009569 seconds .

========================================================================
Received Import Request.
  Time since last request: 190.016956 seconds.
  path: Assets/Towers/Generator
  artifactKey: Guid(b337840fe10f2174eb422794b266e72c) Importer(815301076,1909f56bfc062723c751e8b465ee728b)
Start importing Assets/Towers/Generator using Guid(b337840fe10f2174eb422794b266e72c) Importer(815301076,1909f56bfc062723c751e8b465ee728b)  -> (artifact id: 'a3f876c917c0c393ad2536b96fff75cd') in 0.002829 seconds
  Import took 0.005272 seconds .

========================================================================
Received Import Request.
  Time since last request: 9.192459 seconds.
  path: Assets/Towers/Generator/Generator 1.prefab
  artifactKey: Guid(315c44575cd1efd44b1819d7aa0a9485) Importer(815301076,1909f56bfc062723c751e8b465ee728b)
Start importing Assets/Towers/Generator/Generator 1.prefab using Guid(315c44575cd1efd44b1819d7aa0a9485) Importer(815301076,1909f56bfc062723c751e8b465ee728b)  -> (artifact id: '6f8b7b1b202866a86d347f651070f583') in 0.071821 seconds
  Import took 0.074825 seconds .

========================================================================
Received Import Request.
  Time since last request: 25.682606 seconds.
  path: Assets/Towers/Generator/HeatSink.prefab
  artifactKey: Guid(315c44575cd1efd44b1819d7aa0a9485) Importer(815301076,1909f56bfc062723c751e8b465ee728b)
Start importing Assets/Towers/Generator/HeatSink.prefab using Guid(315c44575cd1efd44b1819d7aa0a9485) Importer(815301076,1909f56bfc062723c751e8b465ee728b)  -> (artifact id: '3c1d37a828e059ce53c69b2a726b75bb') in 0.015601 seconds
  Import took 0.021688 seconds .

========================================================================
Received Import Request.
  Time since last request: 18.777157 seconds.
  path: Assets/Towers/HeatSink/HeatSinkColor.mat
  artifactKey: Guid(aa4aec5195b224440b2f90e99bb72c77) Importer(815301076,1909f56bfc062723c751e8b465ee728b)
Start importing Assets/Towers/HeatSink/HeatSinkColor.mat using Guid(aa4aec5195b224440b2f90e99bb72c77) Importer(815301076,1909f56bfc062723c751e8b465ee728b)  -> (artifact id: 'a59a5c267de10c00c9874ed364c0c5c8') in 0.030659 seconds
  Import took 0.036011 seconds .

========================================================================
Received Import Request.
  Time since last request: 2.213408 seconds.
  path: Assets/Towers/HeatSink/HeatSink.prefab
  artifactKey: Guid(315c44575cd1efd44b1819d7aa0a9485) Importer(815301076,1909f56bfc062723c751e8b465ee728b)
Start importing Assets/Towers/HeatSink/HeatSink.prefab using Guid(315c44575cd1efd44b1819d7aa0a9485) Importer(815301076,1909f56bfc062723c751e8b465ee728b)  -> (artifact id: 'af8d49ce3e997f08b276c1fb31357fb2') in 0.021301 seconds
  Import took 0.024698 seconds .

========================================================================
Received Import Request.
  Time since last request: 58.231587 seconds.
  path: Assets/Towers/HeatSink/HeatSink.cs
  artifactKey: Guid(9f4f31185098fcd4e812985bd111e070) Importer(815301076,1909f56bfc062723c751e8b465ee728b)
Start importing Assets/Towers/HeatSink/HeatSink.cs using Guid(9f4f31185098fcd4e812985bd111e070) Importer(815301076,1909f56bfc062723c751e8b465ee728b)  -> (artifact id: '455c7ae88fdea43a6824d937e8830b80') in 0.002814 seconds
  Import took 0.005163 seconds .

========================================================================
Received Prepare
Registering precompiled user dll's ...
Registered in 0.000636 seconds.
Begin MonoManager ReloadAssembly
Native extension for WindowsStandalone target not found
Refreshing native plugins compatible for Editor in 0.19 ms, found 0 plugins.
Preloading 0 native plugins for Editor in 0.00 ms.
Invoked RoslynAnalysisRunner static constructor.
RoslynAnalysisRunner will not be running.
RoslynAnalysisRunner has terminated.
Mono: successfully reloaded assembly
- Completed reload, in  0.784 seconds
Platform modules already initialized, skipping
Refreshing native plugins compatible for Editor in 0.30 ms, found 0 plugins.
Preloading 0 native plugins for Editor in 0.00 ms.
Unloading 1106 Unused Serialized files (Serialized files now loaded: 0)
System memory in use before: 74.1 MB.
System memory in use after: 74.2 MB.

Unloading 6 unused Assets to reduce memory usage. Loaded Objects now: 1649.
Total: 1.612700 ms (FindLiveObjects: 0.120900 ms CreateObjectMapping: 0.031000 ms MarkObjects: 1.370500 ms  DeleteObjects: 0.089500 ms)

========================================================================
Received Import Request.
  Time since last request: 8.527052 seconds.
  path: Assets/Towers/HeatSink/HeatSink.prefab
  artifactKey: Guid(315c44575cd1efd44b1819d7aa0a9485) Importer(815301076,1909f56bfc062723c751e8b465ee728b)
Start importing Assets/Towers/HeatSink/HeatSink.prefab using Guid(315c44575cd1efd44b1819d7aa0a9485) Importer(815301076,1909f56bfc062723c751e8b465ee728b)  -> (artifact id: '7cd0c7cc413e464adaff3939eeedbab4') in 0.073309 seconds
  Import took 0.076023 seconds .

========================================================================
Received Prepare
Registering precompiled user dll's ...
Registered in 0.000648 seconds.
Begin MonoManager ReloadAssembly
Native extension for WindowsStandalone target not found
Refreshing native plugins compatible for Editor in 0.24 ms, found 0 plugins.
Preloading 0 native plugins for Editor in 0.00 ms.
Invoked RoslynAnalysisRunner static constructor.
RoslynAnalysisRunner will not be running.
RoslynAnalysisRunner has terminated.
Mono: successfully reloaded assembly
- Completed reload, in  0.730 seconds
Platform modules already initialized, skipping
Refreshing native plugins compatible for Editor in 0.24 ms, found 0 plugins.
Preloading 0 native plugins for Editor in 0.00 ms.
Unloading 1106 Unused Serialized files (Serialized files now loaded: 0)
System memory in use before: 74.6 MB.
System memory in use after: 74.7 MB.

Unloading 6 unused Assets to reduce memory usage. Loaded Objects now: 1652.
Total: 1.602900 ms (FindLiveObjects: 0.114200 ms CreateObjectMapping: 0.030600 ms MarkObjects: 1.368000 ms  DeleteObjects: 0.089000 ms)

========================================================================
Received Import Request.
  Time since last request: 110.641071 seconds.
  path: Assets/Environment/BuildManager/BuildManagerScript.cs
  artifactKey: Guid(668c5bf3181e18044a1f6c3160cad7c3) Importer(815301076,1909f56bfc062723c751e8b465ee728b)
Start importing Assets/Environment/BuildManager/BuildManagerScript.cs using Guid(668c5bf3181e18044a1f6c3160cad7c3) Importer(815301076,1909f56bfc062723c751e8b465ee728b)  -> (artifact id: 'e07ec0b62f31ec4e8dc8633139eba7c3') in 0.010683 seconds
  Import took 0.012916 seconds .

========================================================================
Received Import Request.
  Time since last request: 0.028269 seconds.
  path: Assets/Environment/BuildManager/BuildManagerScript.cs
  artifactKey: Guid(668c5bf3181e18044a1f6c3160cad7c3) Importer(815301076,1909f56bfc062723c751e8b465ee728b)
Start importing Assets/Environment/BuildManager/BuildManagerScript.cs using Guid(668c5bf3181e18044a1f6c3160cad7c3) Importer(815301076,1909f56bfc062723c751e8b465ee728b)  -> (artifact id: 'e07ec0b62f31ec4e8dc8633139eba7c3') in 0.002901 seconds
  Import took 0.025660 seconds .

========================================================================
Received Prepare
Registering precompiled user dll's ...
Registered in 0.000555 seconds.
Begin MonoManager ReloadAssembly
Native extension for WindowsStandalone target not found
Refreshing native plugins compatible for Editor in 0.19 ms, found 0 plugins.
Preloading 0 native plugins for Editor in 0.00 ms.
Invoked RoslynAnalysisRunner static constructor.
RoslynAnalysisRunner will not be running.
RoslynAnalysisRunner has terminated.
Mono: successfully reloaded assembly
- Completed reload, in  0.731 seconds
Platform modules already initialized, skipping
Refreshing native plugins compatible for Editor in 0.29 ms, found 0 plugins.
Preloading 0 native plugins for Editor in 0.00 ms.
Unloading 1106 Unused Serialized files (Serialized files now loaded: 0)
System memory in use before: 74.7 MB.
System memory in use after: 74.7 MB.

Unloading 5 unused Assets to reduce memory usage. Loaded Objects now: 1654.
Total: 1.490900 ms (FindLiveObjects: 0.128000 ms CreateObjectMapping: 0.047700 ms MarkObjects: 1.260700 ms  DeleteObjects: 0.053400 ms)

========================================================================
Received Prepare
Registering precompiled user dll's ...
Registered in 0.000623 seconds.
Begin MonoManager ReloadAssembly
Native extension for WindowsStandalone target not found
Refreshing native plugins compatible for Editor in 0.21 ms, found 0 plugins.
Preloading 0 native plugins for Editor in 0.00 ms.
Invoked RoslynAnalysisRunner static constructor.
RoslynAnalysisRunner will not be running.
RoslynAnalysisRunner has terminated.
Mono: successfully reloaded assembly
- Completed reload, in  0.718 seconds
Platform modules already initialized, skipping
Refreshing native plugins compatible for Editor in 0.24 ms, found 0 plugins.
Preloading 0 native plugins for Editor in 0.00 ms.
Unloading 1106 Unused Serialized files (Serialized files now loaded: 0)
System memory in use before: 74.6 MB.
System memory in use after: 74.6 MB.

Unloading 5 unused Assets to reduce memory usage. Loaded Objects now: 1656.
Total: 1.573200 ms (FindLiveObjects: 0.126800 ms CreateObjectMapping: 0.033900 ms MarkObjects: 1.308500 ms  DeleteObjects: 0.103100 ms)

========================================================================
Received Import Request.
  Time since last request: 185.415641 seconds.
  path: Assets/Towers/HeatSink/HeatSink.prefab
  artifactKey: Guid(315c44575cd1efd44b1819d7aa0a9485) Importer(815301076,1909f56bfc062723c751e8b465ee728b)
Start importing Assets/Towers/HeatSink/HeatSink.prefab using Guid(315c44575cd1efd44b1819d7aa0a9485) Importer(815301076,1909f56bfc062723c751e8b465ee728b)  -> (artifact id: 'b106a591e53dd39eb2f9a9725056c887') in 0.071809 seconds
  Import took 0.074501 seconds .

========================================================================
Received Import Request.
  Time since last request: 210.270258 seconds.
  path: Assets/Towers/Generator/GeneratorBehaviour.cs
  artifactKey: Guid(86a0922e7239c2747bd68c5f7b4ae373) Importer(815301076,1909f56bfc062723c751e8b465ee728b)
Start importing Assets/Towers/Generator/GeneratorBehaviour.cs using Guid(86a0922e7239c2747bd68c5f7b4ae373) Importer(815301076,1909f56bfc062723c751e8b465ee728b)  -> (artifact id: '47fd76152a022c69794e6a35349a9006') in 0.002516 seconds
  Import took 0.004779 seconds .

========================================================================
Received Import Request.
  Time since last request: 0.005488 seconds.
  path: Assets/Towers/Generator/GeneratorBehaviour.cs
  artifactKey: Guid(86a0922e7239c2747bd68c5f7b4ae373) Importer(815301076,1909f56bfc062723c751e8b465ee728b)
Start importing Assets/Towers/Generator/GeneratorBehaviour.cs using Guid(86a0922e7239c2747bd68c5f7b4ae373) Importer(815301076,1909f56bfc062723c751e8b465ee728b)  -> (artifact id: '47fd76152a022c69794e6a35349a9006') in 0.002808 seconds
  Import took 0.004916 seconds .

========================================================================
Received Import Request.
  Time since last request: 15.647174 seconds.
  path: Assets/Towers/Wall/Wall.prefab
  artifactKey: Guid(5d74201851544c4499bc0c2d357a9324) Importer(815301076,1909f56bfc062723c751e8b465ee728b)
Start importing Assets/Towers/Wall/Wall.prefab using Guid(5d74201851544c4499bc0c2d357a9324) Importer(815301076,1909f56bfc062723c751e8b465ee728b)  -> (artifact id: '50d3a7ec99a2c7626142d5fae648109e') in 0.020717 seconds
  Import took 0.023552 seconds .

========================================================================
Received Import Request.
  Time since last request: 0.000224 seconds.
  path: Assets/Towers/Wall/Wallpiece.prefab
  artifactKey: Guid(3147ee3bd524c0747bec7d2e65adc6a3) Importer(815301076,1909f56bfc062723c751e8b465ee728b)
Start importing Assets/Towers/Wall/Wallpiece.prefab using Guid(3147ee3bd524c0747bec7d2e65adc6a3) Importer(815301076,1909f56bfc062723c751e8b465ee728b)  -> (artifact id: '018fe9431b89bddb9d1a1b94d1bd5f96') in 0.021290 seconds
  Import took 0.024548 seconds .

========================================================================
Received Import Request.
  Time since last request: 0.703618 seconds.
  path: Assets/Towers/Wall/WallBuilder.cs
  artifactKey: Guid(4f5b6631cc74099489060ec1392bb764) Importer(815301076,1909f56bfc062723c751e8b465ee728b)
Start importing Assets/Towers/Wall/WallBuilder.cs using Guid(4f5b6631cc74099489060ec1392bb764) Importer(815301076,1909f56bfc062723c751e8b465ee728b)  -> (artifact id: '0604b11dd650f47dd0d03424e29eb99e') in 0.005842 seconds
  Import took 0.007906 seconds .

========================================================================
Received Import Request.
  Time since last request: 0.023903 seconds.
  path: Assets/Towers/Wall/WallBuilder.cs
  artifactKey: Guid(4f5b6631cc74099489060ec1392bb764) Importer(815301076,1909f56bfc062723c751e8b465ee728b)
Start importing Assets/Towers/Wall/WallBuilder.cs using Guid(4f5b6631cc74099489060ec1392bb764) Importer(815301076,1909f56bfc062723c751e8b465ee728b)  -> (artifact id: '0604b11dd650f47dd0d03424e29eb99e') in 0.002616 seconds
  Import took 0.005174 seconds .

========================================================================
Received Prepare
Registering precompiled user dll's ...
Registered in 0.000605 seconds.
Begin MonoManager ReloadAssembly
Native extension for WindowsStandalone target not found
Refreshing native plugins compatible for Editor in 0.25 ms, found 0 plugins.
Preloading 0 native plugins for Editor in 0.00 ms.
Invoked RoslynAnalysisRunner static constructor.
RoslynAnalysisRunner will not be running.
RoslynAnalysisRunner has terminated.
Mono: successfully reloaded assembly
- Completed reload, in  0.725 seconds
Platform modules already initialized, skipping
Refreshing native plugins compatible for Editor in 0.32 ms, found 0 plugins.
Preloading 0 native plugins for Editor in 0.00 ms.
Unloading 1106 Unused Serialized files (Serialized files now loaded: 0)
System memory in use before: 74.7 MB.
System memory in use after: 74.8 MB.

Unloading 7 unused Assets to reduce memory usage. Loaded Objects now: 1659.
Total: 1.578000 ms (FindLiveObjects: 0.123200 ms CreateObjectMapping: 0.033300 ms MarkObjects: 1.314200 ms  DeleteObjects: 0.106600 ms)

========================================================================
Received Prepare
Registering precompiled user dll's ...
Registered in 0.000617 seconds.
Begin MonoManager ReloadAssembly
Native extension for WindowsStandalone target not found
Refreshing native plugins compatible for Editor in 0.19 ms, found 0 plugins.
Preloading 0 native plugins for Editor in 0.00 ms.
Invoked RoslynAnalysisRunner static constructor.
RoslynAnalysisRunner will not be running.
RoslynAnalysisRunner has terminated.
Mono: successfully reloaded assembly
- Completed reload, in  0.723 seconds
Platform modules already initialized, skipping
Refreshing native plugins compatible for Editor in 0.21 ms, found 0 plugins.
Preloading 0 native plugins for Editor in 0.00 ms.
Unloading 1106 Unused Serialized files (Serialized files now loaded: 0)
System memory in use before: 74.5 MB.
System memory in use after: 74.6 MB.

Unloading 5 unused Assets to reduce memory usage. Loaded Objects now: 1661.
Total: 1.937000 ms (FindLiveObjects: 0.201900 ms CreateObjectMapping: 0.052100 ms MarkObjects: 1.625000 ms  DeleteObjects: 0.056900 ms)

========================================================================
Received Prepare
Registering precompiled user dll's ...
Registered in 0.000644 seconds.
Begin MonoManager ReloadAssembly
Native extension for WindowsStandalone target not found
Refreshing native plugins compatible for Editor in 0.19 ms, found 0 plugins.
Preloading 0 native plugins for Editor in 0.00 ms.
Invoked RoslynAnalysisRunner static constructor.
RoslynAnalysisRunner will not be running.
RoslynAnalysisRunner has terminated.
Mono: successfully reloaded assembly
- Completed reload, in  0.677 seconds
Platform modules already initialized, skipping
Refreshing native plugins compatible for Editor in 0.27 ms, found 0 plugins.
Preloading 0 native plugins for Editor in 0.00 ms.
Unloading 1106 Unused Serialized files (Serialized files now loaded: 0)
System memory in use before: 74.7 MB.
System memory in use after: 74.8 MB.

Unloading 5 unused Assets to reduce memory usage. Loaded Objects now: 1663.
Total: 2.066000 ms (FindLiveObjects: 0.143900 ms CreateObjectMapping: 0.053200 ms MarkObjects: 1.745500 ms  DeleteObjects: 0.122200 ms)

========================================================================
Received Prepare
Registering precompiled user dll's ...
Registered in 0.000584 seconds.
Begin MonoManager ReloadAssembly
Native extension for WindowsStandalone target not found
Refreshing native plugins compatible for Editor in 0.29 ms, found 0 plugins.
Preloading 0 native plugins for Editor in 0.00 ms.
Invoked RoslynAnalysisRunner static constructor.
RoslynAnalysisRunner will not be running.
RoslynAnalysisRunner has terminated.
Mono: successfully reloaded assembly
- Completed reload, in  0.875 seconds
Platform modules already initialized, skipping
Refreshing native plugins compatible for Editor in 0.31 ms, found 0 plugins.
Preloading 0 native plugins for Editor in 0.00 ms.
Unloading 1106 Unused Serialized files (Serialized files now loaded: 0)
System memory in use before: 74.5 MB.
System memory in use after: 74.6 MB.

Unloading 5 unused Assets to reduce memory usage. Loaded Objects now: 1665.
Total: 1.814000 ms (FindLiveObjects: 0.183500 ms CreateObjectMapping: 0.047100 ms MarkObjects: 1.516400 ms  DeleteObjects: 0.066200 ms)

========================================================================
Received Prepare
Registering precompiled user dll's ...
Registered in 0.000559 seconds.
Begin MonoManager ReloadAssembly
Native extension for WindowsStandalone target not found
Refreshing native plugins compatible for Editor in 0.19 ms, found 0 plugins.
Preloading 0 native plugins for Editor in 0.00 ms.
Invoked RoslynAnalysisRunner static constructor.
RoslynAnalysisRunner will not be running.
RoslynAnalysisRunner has terminated.
Mono: successfully reloaded assembly
- Completed reload, in  0.717 seconds
Platform modules already initialized, skipping
Refreshing native plugins compatible for Editor in 0.30 ms, found 0 plugins.
Preloading 0 native plugins for Editor in 0.00 ms.
Unloading 1106 Unused Serialized files (Serialized files now loaded: 0)
System memory in use before: 74.7 MB.
System memory in use after: 74.8 MB.

Unloading 5 unused Assets to reduce memory usage. Loaded Objects now: 1667.
Total: 1.994100 ms (FindLiveObjects: 0.127600 ms CreateObjectMapping: 0.035700 ms MarkObjects: 1.753100 ms  DeleteObjects: 0.076700 ms)

========================================================================
Received Prepare
Registering precompiled user dll's ...
Registered in 0.000606 seconds.
Begin MonoManager ReloadAssembly
Native extension for WindowsStandalone target not found
Refreshing native plugins compatible for Editor in 0.21 ms, found 0 plugins.
Preloading 0 native plugins for Editor in 0.00 ms.
Invoked RoslynAnalysisRunner static constructor.
RoslynAnalysisRunner will not be running.
RoslynAnalysisRunner has terminated.
Mono: successfully reloaded assembly
- Completed reload, in  0.711 seconds
Platform modules already initialized, skipping
Refreshing native plugins compatible for Editor in 0.23 ms, found 0 plugins.
Preloading 0 native plugins for Editor in 0.00 ms.
Unloading 1106 Unused Serialized files (Serialized files now loaded: 0)
System memory in use before: 74.4 MB.
System memory in use after: 74.5 MB.

Unloading 5 unused Assets to reduce memory usage. Loaded Objects now: 1669.
Total: 1.760600 ms (FindLiveObjects: 0.289400 ms CreateObjectMapping: 0.048100 ms MarkObjects: 1.339600 ms  DeleteObjects: 0.082000 ms)

========================================================================
Received Prepare
Registering precompiled user dll's ...
Registered in 0.000670 seconds.
Begin MonoManager ReloadAssembly
Native extension for WindowsStandalone target not found
Refreshing native plugins compatible for Editor in 0.18 ms, found 0 plugins.
Preloading 0 native plugins for Editor in 0.00 ms.
Invoked RoslynAnalysisRunner static constructor.
RoslynAnalysisRunner will not be running.
RoslynAnalysisRunner has terminated.
Mono: successfully reloaded assembly
- Completed reload, in  0.716 seconds
Platform modules already initialized, skipping
Refreshing native plugins compatible for Editor in 0.24 ms, found 0 plugins.
Preloading 0 native plugins for Editor in 0.00 ms.
Unloading 1106 Unused Serialized files (Serialized files now loaded: 0)
System memory in use before: 74.7 MB.
System memory in use after: 74.8 MB.

Unloading 5 unused Assets to reduce memory usage. Loaded Objects now: 1671.
Total: 1.610600 ms (FindLiveObjects: 0.114600 ms CreateObjectMapping: 0.028000 ms MarkObjects: 1.374500 ms  DeleteObjects: 0.092600 ms)

========================================================================
Received Prepare
Registering precompiled user dll's ...
Registered in 0.000873 seconds.
Begin MonoManager ReloadAssembly
Native extension for WindowsStandalone target not found
Refreshing native plugins compatible for Editor in 0.18 ms, found 0 plugins.
Preloading 0 native plugins for Editor in 0.00 ms.
Invoked RoslynAnalysisRunner static constructor.
RoslynAnalysisRunner will not be running.
RoslynAnalysisRunner has terminated.
Mono: successfully reloaded assembly
- Completed reload, in  0.706 seconds
Platform modules already initialized, skipping
Refreshing native plugins compatible for Editor in 0.24 ms, found 0 plugins.
Preloading 0 native plugins for Editor in 0.00 ms.
Unloading 1106 Unused Serialized files (Serialized files now loaded: 0)
System memory in use before: 74.4 MB.
System memory in use after: 74.5 MB.

Unloading 5 unused Assets to reduce memory usage. Loaded Objects now: 1673.
Total: 1.834500 ms (FindLiveObjects: 0.140900 ms CreateObjectMapping: 0.038400 ms MarkObjects: 1.562500 ms  DeleteObjects: 0.091900 ms)

========================================================================
Received Prepare
Registering precompiled user dll's ...
Registered in 0.000932 seconds.
Begin MonoManager ReloadAssembly
Native extension for WindowsStandalone target not found
Refreshing native plugins compatible for Editor in 0.30 ms, found 0 plugins.
Preloading 0 native plugins for Editor in 0.00 ms.
Invoked RoslynAnalysisRunner static constructor.
RoslynAnalysisRunner will not be running.
RoslynAnalysisRunner has terminated.
Mono: successfully reloaded assembly
- Completed reload, in  0.720 seconds
Platform modules already initialized, skipping
Refreshing native plugins compatible for Editor in 0.27 ms, found 0 plugins.
Preloading 0 native plugins for Editor in 0.00 ms.
Unloading 1106 Unused Serialized files (Serialized files now loaded: 0)
System memory in use before: 74.7 MB.
System memory in use after: 74.8 MB.

Unloading 5 unused Assets to reduce memory usage. Loaded Objects now: 1675.
Total: 1.734000 ms (FindLiveObjects: 0.123500 ms CreateObjectMapping: 0.033000 ms MarkObjects: 1.523300 ms  DeleteObjects: 0.053400 ms)

========================================================================
Received Import Request.
  Time since last request: 4304.138612 seconds.
  path: Assets/Towers/Ballistic Tower/Basic Tower/RangeMaterial.mat
  artifactKey: Guid(b0909afcf0ac8d340a487027a1af70ee) Importer(815301076,1909f56bfc062723c751e8b465ee728b)
Start importing Assets/Towers/Ballistic Tower/Basic Tower/RangeMaterial.mat using Guid(b0909afcf0ac8d340a487027a1af70ee) Importer(815301076,1909f56bfc062723c751e8b465ee728b)  -> (artifact id: '42b5f12fe1cc487d19f1bb56f490b12f') in 0.056421 seconds
  Import took 0.058712 seconds .

AssetImportWorkerClient::OnTransportError - code=2 error=End of file
